Change Component Designator: Old Designator=C1 New Designator=C2
Change Component Designator: Old Designator=C2 New Designator=C4
Change Component Designator: Old Designator=C3 New Designator=C9
Change Component Designator: Old Designator=C4 New Designator=C1
Change Component Designator: Old Designator=C5 New Designator=C7
Change Component Designator: Old Designator=C6 New Designator=C8
Change Component Designator: Old Designator=C15 New Designator=C5
Change Component Designator: Old Designator=C16 New Designator=C6
Change Component Designator: Old Designator=C19 New Designator=C3
Change Component Designator: Old Designator=C20 New Designator=C10
Change Component Designator: Old Designator=D1 New Designator=D2
Change Component Designator: Old Designator=D2 New Designator=D3
Change Component Designator: Old Designator=D3 New Designator=D1
Change Component Designator: Old Designator=R1 New Designator=R8
Change Component Designator: Old Designator=R2 New Designator=R9
Change Component Designator: Old Designator=R3 New Designator=R10
Change Component Designator: Old Designator=R4 New Designator=R11
Change Component Designator: Old Designator=R5 New Designator=R12
Change Component Designator: Old Designator=R6 New Designator=R13
Change Component Designator: Old Designator=R7 New Designator=R2
Change Component Designator: Old Designator=R8 New Designator=R3
Change Component Designator: Old Designator=R9 New Designator=R4
Change Component Designator: Old Designator=R10 New Designator=R5
Change Component Designator: Old Designator=R11 New Designator=R1
Change Component Designator: Old Designator=R17 New Designator=R6
Change Component Designator: Old Designator=R18 New Designator=R7
Change Component Designator: Old Designator=S1 New Designator=S2
Change Component Designator: Old Designator=S2 New Designator=S1
Change Component Designator: Old Designator=U2 New Designator=U3
Change Component Designator: Old Designator=U3 New Designator=U2
