Removed Pin From Net: NetName=GND Pin=C7-1
Removed Pin From Net: NetName=EPS_3V3 Pin=C7-2
Removed Pin From Net: NetName=GND Pin=C8-1
Removed Pin From Net: NetName=EPS_3V3 Pin=C8-2
Removed Pin From Net: NetName=VBUS1 Pin=J1-A4_B9
Removed Pin From Net: NetName=VBUS1 Pin=J1-B4_A9
Removed Pin From Net: NetName=EPS_3V3 Pin=J2-B11
Removed Pin From Net: NetName=EPS_3V3 Pin=J2-B12
Removed Pin From Net: NetName=GND Pin=MECH-1
Removed Pin From Net: NetName=GND Pin=R4-1
Removed Pin From Net: NetName=+3V3 Pin=S1-1
Removed Pin From Net: NetName=OBC_SPARE_RX Pin=SB3-1
Removed Pin From Net: NetName=OBC_SPARE_TX Pin=SB4-1
Removed Pin From Net: NetName=VBUS1 Pin=U1-9
Removed Pin From Net: NetName=VBUS1 Pin=U1-49
Removed Member From Class: ClassName=Power_Path Member=C7
Removed Member From Class: ClassName=Power_Path Member=C8
Removed Member From Class: ClassName=Controller Member=C15
Removed Member From Class: ClassName=Controller Member=C16
Removed Member From Class: ClassName=Controller Member=C19
Removed Member From Class: ClassName=Top_Level Member=MECH
Removed Member From Class: ClassName=Power_Path Member=R16
Change Component Designator: OldDesignator=C1 NewDesignator=C2
Change Component Designator: OldDesignator=C2 NewDesignator=C4
Change Component Designator: OldDesignator=C3 NewDesignator=C9
Change Component Designator: OldDesignator=C4 NewDesignator=C1
Change Component Designator: OldDesignator=C5 NewDesignator=C7
Change Component Designator: OldDesignator=C6 NewDesignator=C8
Change Component Designator: OldDesignator=C9 NewDesignator=C15
Change Component Designator: OldDesignator=C10 NewDesignator=C16
Change Component Designator: OldDesignator=C11 NewDesignator=C19
Change Component Designator: OldDesignator=C12 NewDesignator=C20
Change Component Designator: OldDesignator=C15 NewDesignator=C5
Change Component Designator: OldDesignator=C16 NewDesignator=C6
Change Component Designator: OldDesignator=C19 NewDesignator=C3
Change Component Designator: OldDesignator=D1 NewDesignator=D2
Change Component Designator: OldDesignator=D2 NewDesignator=D3
Change Component Designator: OldDesignator=D3 NewDesignator=D1
Change Component Designator: OldDesignator=R1 NewDesignator=R8
Change Component Designator: OldDesignator=R2 NewDesignator=R9
Change Component Designator: OldDesignator=R3 NewDesignator=R10
Change Component Designator: OldDesignator=R5 NewDesignator=R12
Change Component Designator: OldDesignator=R6 NewDesignator=R13
Change Component Designator: OldDesignator=R7 NewDesignator=R2
Change Component Designator: OldDesignator=R8 NewDesignator=R3
Change Component Designator: OldDesignator=R9 NewDesignator=R4
Change Component Designator: OldDesignator=R10 NewDesignator=R5
Change Component Designator: OldDesignator=R11 NewDesignator=R1
Change Component Designator: OldDesignator=R12 NewDesignator=R16
Change Component Designator: OldDesignator=R13 NewDesignator=R17
Change Component Designator: OldDesignator=R14 NewDesignator=R18
Change Component Designator: OldDesignator=R16 NewDesignator=R14
Change Component Designator: OldDesignator=S2 NewDesignator=S1
Change Component Designator: OldDesignator=U2 NewDesignator=U3
Change Component Designator: OldDesignator=U3 NewDesignator=U2
Change Component Kind : Designator=MECH1 Old Kind=Standard New Kind=Standard (No BOM)
Change Component Kind : Designator=MECH2 Old Kind=Standard New Kind=Standard (No BOM)
Change Component Kind : Designator=MECH3 Old Kind=Standard New Kind=Standard (No BOM)
Added Component: Designator=C10(CAPC0603X040)
Add component (AddParameter): Name = "Capacitance"; Value = "100nF"; VariantName = "[No Variations]"
Add component (AddParameter): Name = "Case Code"; Value = "0603"; VariantName = "[No Variations]"
Add component (AddParameter): Name = "Dielectric"; Value = "X7R"; VariantName = "[No Variations]"
Add component (AddParameter): Name = "Distributor"; Value = "JLCPCB"; VariantName = "[No Variations]"
Add component (AddParameter): Name = "Distributor Part number"; Value = "C14663"; VariantName = "[No Variations]"
Add component (AddParameter): Name = "Part Number"; Value = "CC0603KRX7R9BB104"; VariantName = "[No Variations]"
Add component (AddParameter): Name = "Tolerance"; Value = "10%"; VariantName = "[No Variations]"
Add component (AddParameter): Name = "Voltage Rating"; Value = "50V"; VariantName = "[No Variations]"
Added Component: Designator=C11(CAPC0805X060)
Add component (AddParameter): Name = "Capacitance"; Value = "1uF"; VariantName = "[No Variations]"
Add component (AddParameter): Name = "Case Code"; Value = "0805"; VariantName = "[No Variations]"
Add component (AddParameter): Name = "Distributor"; Value = "Digikey"; VariantName = "[No Variations]"
Add component (AddParameter): Name = "Distributor Part Number"; Value = "1276-1029-1-ND"; VariantName = "[No Variations]"
Add component (AddParameter): Name = "Part Number"; Value = "CL21B105KBFNNNE"; VariantName = "[No Variations]"
Add component (AddParameter): Name = "Tolerance"; Value = "10%"; VariantName = "[No Variations]"
Add component (AddParameter): Name = "Voltage Rating"; Value = "50V"; VariantName = "[No Variations]"
Added Component: Designator=C12(CAPC0402X020)
Add component (AddParameter): Name = "Capacitance"; Value = "0.1uF"; VariantName = "[No Variations]"
Add component (AddParameter): Name = "Case Code"; Value = "0402"; VariantName = "[No Variations]"
Add component (AddParameter): Name = "Distributor"; Value = "Digikey"; VariantName = "[No Variations]"
Add component (AddParameter): Name = "Distributor Part Number"; Value = "1276-CL05B104KB5NNNCCT-ND"; VariantName = "[No Variations]"
Add component (AddParameter): Name = "Initial Voltage"; Value = ""; VariantName = "[No Variations]"
Add component (AddParameter): Name = "Part Number"; Value = "CL05B104KB5NNNC"; VariantName = "[No Variations]"
Add component (AddParameter): Name = "Tolerance"; Value = "10%"; VariantName = "[No Variations]"
Add component (AddParameter): Name = "Voltage Rating"; Value = "50V"; VariantName = "[No Variations]"
Added Component: Designator=C21(CAPC0805X060)
Add component (AddParameter): Name = "Capacitance"; Value = "1uF"; VariantName = "[No Variations]"
Add component (AddParameter): Name = "Case Code"; Value = "0805"; VariantName = "[No Variations]"
Add component (AddParameter): Name = "Distributor"; Value = "Digikey"; VariantName = "[No Variations]"
Add component (AddParameter): Name = "Distributor Part Number"; Value = "1276-1029-1-ND"; VariantName = "[No Variations]"
Add component (AddParameter): Name = "Part Number"; Value = "CL21B105KBFNNNE"; VariantName = "[No Variations]"
Add component (AddParameter): Name = "Tolerance"; Value = "10%"; VariantName = "[No Variations]"
Add component (AddParameter): Name = "Voltage Rating"; Value = "50V"; VariantName = "[No Variations]"
Added Component: Designator=C22(CAPC0603X040)
Add component (AddParameter): Name = "Capacitance"; Value = "15nF"; VariantName = "[No Variations]"
Add component (AddParameter): Name = "Case Code"; Value = "0603"; VariantName = "[No Variations]"
Add component (AddParameter): Name = "Dielectric"; Value = "C0G"; VariantName = "[No Variations]"
Add component (AddParameter): Name = "Distributor"; Value = "Digikey"; VariantName = "[No Variations]"
Add component (AddParameter): Name = "Distributor Part number"; Value = "399-C0603C153F3GACTUCT-ND"; VariantName = "[No Variations]"
Add component (AddParameter): Name = "Part Number"; Value = "C0603C153F3GACTU"; VariantName = "[No Variations]"
Add component (AddParameter): Name = "Tolerance"; Value = "1%"; VariantName = "[No Variations]"
Add component (AddParameter): Name = "Voltage Rating"; Value = "25V"; VariantName = "[No Variations]"
Added Component: Designator=C23(CAPC0805X060)
Add component (AddParameter): Name = "Capacitance"; Value = "4.7nF"; VariantName = "[No Variations]"
Add component (AddParameter): Name = "Case Code"; Value = "0805"; VariantName = "[No Variations]"
Add component (AddParameter): Name = "Distributor"; Value = "Digikey"; VariantName = "[No Variations]"
Add component (AddParameter): Name = "Distributor Part Number"; Value = "1276-1155-1-ND"; VariantName = "[No Variations]"
Add component (AddParameter): Name = "Part Number"; Value = "CL21B472KBANNNC"; VariantName = "[No Variations]"
Add component (AddParameter): Name = "Tolerance"; Value = "10%"; VariantName = "[No Variations]"
Add component (AddParameter): Name = "Voltage Rating"; Value = "25V"; VariantName = "[No Variations]"
Added Component: Designator=MECH4(M3 Mounting Hole)
Added Component: Designator=R6(RESC0603)
Add component (AddParameter): Name = "Case Code"; Value = "0603"; VariantName = "[No Variations]"
Add component (AddParameter): Name = "Distributor"; Value = "JLCPCB"; VariantName = "[No Variations]"
Add component (AddParameter): Name = "Distributor Part Number"; Value = "C25804"; VariantName = "[No Variations]"
Add component (AddParameter): Name = "Part Number"; Value = "0603WAF1002T5E"; VariantName = "[No Variations]"
Add component (AddParameter): Name = "Resistance"; Value = "10K"; VariantName = "[No Variations]"
Add component (AddParameter): Name = "Tolerance"; Value = "1%"; VariantName = "[No Variations]"
Added Component: Designator=R7(RESC0603)
Add component (AddParameter): Name = "Case Code"; Value = "0603"; VariantName = "[No Variations]"
Add component (AddParameter): Name = "Distributor"; Value = "JLCPCB"; VariantName = "[No Variations]"
Add component (AddParameter): Name = "Distributor Part Number"; Value = "C25804"; VariantName = "[No Variations]"
Add component (AddParameter): Name = "Part Number"; Value = "0603WAF1002T5E"; VariantName = "[No Variations]"
Add component (AddParameter): Name = "Resistance"; Value = "10K"; VariantName = "[No Variations]"
Add component (AddParameter): Name = "Tolerance"; Value = "1%"; VariantName = "[No Variations]"
Added Component: Designator=R11(RESC0805)
Add component (AddParameter): Name = "Case Code"; Value = "0805"; VariantName = "[No Variations]"
Add component (AddParameter): Name = "Distributor"; Value = "JLCPCB"; VariantName = "[No Variations]"
Add component (AddParameter): Name = "Distributor Part Number"; Value = "C17414"; VariantName = "[No Variations]"
Add component (AddParameter): Name = "Manufacturer"; Value = "UNI-ROYAL"; VariantName = "[No Variations]"
Add component (AddParameter): Name = "Part Number"; Value = "0805W8F1002T5E"; VariantName = "[No Variations]"
Add component (AddParameter): Name = "Resistance"; Value = "10K"; VariantName = "[No Variations]"
Add component (AddParameter): Name = "Tolerance"; Value = "1%"; VariantName = "[No Variations]"
Added Component: Designator=R19(RESC0603)
Add component (AddParameter): Name = "Case Code"; Value = "0603"; VariantName = "[No Variations]"
Add component (AddParameter): Name = "Distributor"; Value = "Digikey"; VariantName = "[No Variations]"
Add component (AddParameter): Name = "Distributor Part Number"; Value = "RMCF0603FT470KCT-ND"; VariantName = "[No Variations]"
Add component (AddParameter): Name = "Part Number"; Value = "RMCF0603FT470K"; VariantName = "[No Variations]"
Add component (AddParameter): Name = "Resistance"; Value = "470K"; VariantName = "[No Variations]"
Add component (AddParameter): Name = "Tolerance"; Value = "1%"; VariantName = "[No Variations]"
Added Component: Designator=R20(RESC0603)
Add component (AddParameter): Name = "Case Code"; Value = "0603"; VariantName = "[No Variations]"
Add component (AddParameter): Name = "Distributor"; Value = "JLCPCB"; VariantName = "[No Variations]"
Add component (AddParameter): Name = "Distributor Part Number"; Value = "C25804"; VariantName = "[No Variations]"
Add component (AddParameter): Name = "Part Number"; Value = "0603WAF1002T5E"; VariantName = "[No Variations]"
Add component (AddParameter): Name = "Resistance"; Value = "10K"; VariantName = "[No Variations]"
Add component (AddParameter): Name = "Tolerance"; Value = "1%"; VariantName = "[No Variations]"
Added Component: Designator=R21(RESC0603)
Add component (AddParameter): Name = "Case Code"; Value = "0603"; VariantName = "[No Variations]"
Add component (AddParameter): Name = "Distributor"; Value = "Digikey"; VariantName = "[No Variations]"
Add component (AddParameter): Name = "Distributor Part Number"; Value = "RMCF0603FT47K0CT-ND"; VariantName = "[No Variations]"
Add component (AddParameter): Name = "Part Number"; Value = "RMCF0603FT47K0"; VariantName = "[No Variations]"
Add component (AddParameter): Name = "Resistance"; Value = "47K"; VariantName = "[No Variations]"
Add component (AddParameter): Name = "Tolerance"; Value = "1%"; VariantName = "[No Variations]"
Added Component: Designator=R22(RESC0603)
Add component (AddParameter): Name = "Case Code"; Value = "0603"; VariantName = "[No Variations]"
Add component (AddParameter): Name = "Distributor"; Value = "Digikey"; VariantName = "[No Variations]"
Add component (AddParameter): Name = "Distributor Part Number"; Value = "RMCF0603FT121KCT-ND"; VariantName = "[No Variations]"
Add component (AddParameter): Name = "Part Number"; Value = "RMCF0603FT121K"; VariantName = "[No Variations]"
Add component (AddParameter): Name = "Resistance"; Value = "121K"; VariantName = "[No Variations]"
Add component (AddParameter): Name = "Tolerance"; Value = "1%"; VariantName = "[No Variations]"
Added Component: Designator=R23(RESC0603)
Add component (AddParameter): Name = "Case Code"; Value = "0603"; VariantName = "[No Variations]"
Add component (AddParameter): Name = "Distributor"; Value = "Digikey"; VariantName = "[No Variations]"
Add component (AddParameter): Name = "Distributor Part Number"; Value = "RMCF0603FT31K6CT-ND"; VariantName = "[No Variations]"
Add component (AddParameter): Name = "Part Number"; Value = "RMCF0603FT31K6"; VariantName = "[No Variations]"
Add component (AddParameter): Name = "Resistance"; Value = "31K6"; VariantName = "[No Variations]"
Add component (AddParameter): Name = "Tolerance"; Value = "1%"; VariantName = "[No Variations]"
Added Component: Designator=R24(RESC0603)
Add component (AddParameter): Name = "Case Code"; Value = "0603"; VariantName = "[No Variations]"
Add component (AddParameter): Name = "Distributor"; Value = "Digikey"; VariantName = "[No Variations]"
Add component (AddParameter): Name = "Distributor Part Number"; Value = "RMCF0603FT287KCT-ND"; VariantName = "[No Variations]"
Add component (AddParameter): Name = "Part Number"; Value = "RMCF0603FT287K"; VariantName = "[No Variations]"
Add component (AddParameter): Name = "Resistance"; Value = "287K"; VariantName = "[No Variations]"
Add component (AddParameter): Name = "Tolerance"; Value = "1%"; VariantName = "[No Variations]"
Added Component: Designator=R25(RESC0603)
Add component (AddParameter): Name = "Case Code"; Value = "0603"; VariantName = "[No Variations]"
Add component (AddParameter): Name = "Distributor"; Value = "Digikey"; VariantName = "[No Variations]"
Add component (AddParameter): Name = "Distributor Part Number"; Value = "RMCF0603FT6K81CT-ND"; VariantName = "[No Variations]"
Add component (AddParameter): Name = "Part Number"; Value = "RMCF0603FT6K81"; VariantName = "[No Variations]"
Add component (AddParameter): Name = "Resistance"; Value = "6K81"; VariantName = "[No Variations]"
Add component (AddParameter): Name = "Tolerance"; Value = "1%"; VariantName = "[No Variations]"
Added Component: Designator=R26(RESC0805)
Add component (AddParameter): Name = "Case Code"; Value = "0805"; VariantName = "[No Variations]"
Add component (AddParameter): Name = "Distributor"; Value = "Digikey"; VariantName = "[No Variations]"
Add component (AddParameter): Name = "Distributor Part Number"; Value = "RMCF0805FG100KCT-ND"; VariantName = "[No Variations]"
Add component (AddParameter): Name = "Part Number"; Value = "RMCF0805FG100K"; VariantName = "[No Variations]"
Add component (AddParameter): Name = "Resistance"; Value = "100K"; VariantName = "[No Variations]"
Add component (AddParameter): Name = "Tolerance"; Value = "1%"; VariantName = "[No Variations]"
Added Component: Designator=S2(B3U-1000P)
Add component (AddParameter): Name = "Distributor"; Value = "Digikey"; VariantName = "[No Variations]"
Add component (AddParameter): Name = "Distributor Part Number"; Value = "SW1020CT-ND"; VariantName = "[No Variations]"
Add component (AddParameter): Name = "Operating Temperature"; Value = "-25蚓 ~ 70蚓"; VariantName = "[No Variations]"
Add component (AddParameter): Name = "Part Number"; Value = "B3U-1000P"; VariantName = "[No Variations]"
Added Component: Designator=SB5(Solder Bridge)
Added Component: Designator=U6(VFQFN-10)
Add component (AddParameter): Name = "Distributor"; Value = "Digikey"; VariantName = "[No Variations]"
Add component (AddParameter): Name = "Distributor Part Number"; Value = "296-TPS259474LRPWRCT-ND"; VariantName = "[No Variations]"
Add component (AddParameter): Name = "Operating Temperature"; Value = "-40蚓 ~ 125蚓"; VariantName = "[No Variations]"
Add component (AddParameter): Name = "Output Current"; Value = "5.5A"; VariantName = "[No Variations]"
Add component (AddParameter): Name = "Part Number"; Value = "TPS259474LRPWR"; VariantName = "[No Variations]"
Add component (AddParameter): Name = "Voltage Input"; Value = "2.7V~23V"; VariantName = "[No Variations]"
Added Pin To Net: NetName=GND Pin=C10-1
Added Pin To Net: NetName=GND Pin=C11-1
Added Pin To Net: NetName=GND Pin=C12-1
Added Pin To Net: NetName=GND Pin=C21-1
Added Pin To Net: NetName=EPS_3V3 Pin=C21-2
Added Pin To Net: NetName=GND Pin=C22-1
Added Pin To Net: NetName=GND Pin=C23-1
Added Pin To Net: NetName=GND Pin=MECH4-1
Added Pin To Net: NetName=RTC_SCL Pin=R6-1
Added Pin To Net: NetName=+3V3 Pin=R6-2
Added Pin To Net: NetName=RTC_SDA Pin=R7-1
Added Pin To Net: NetName=+3V3 Pin=R7-2
Added Pin To Net: NetName=+3V3 Pin=R11-2
Added Pin To Net: NetName=RTC_nINT Pin=R20-1
Added Pin To Net: NetName=EPS_3V3 Pin=R21-2
Added Pin To Net: NetName=GND Pin=R23-1
Added Pin To Net: NetName=GND Pin=R24-1
Added Pin To Net: NetName=GND Pin=R25-1
Added Pin To Net: NetName=+3V3 Pin=R26-2
Added Pin To Net: NetName=GND Pin=S2-2
Added Pin To Net: NetName=OBC_SPARE_RX Pin=SB3-2
Added Pin To Net: NetName=OBC_SPARE_TX Pin=SB4-2
Added Pin To Net: NetName=EPS_3V3 Pin=SB5-1
Added Pin To Net: NetName=+3V3 Pin=SB5-2
Added Pin To Net: NetName=EPS_3V3 Pin=U6-6
Added Pin To Net: NetName=GND Pin=U6-8
Change Net Name : Old Net Name=EPS_3V3 New Net Name=NetC21_2
Change Net Name : Old Net Name=NetC15_2 New Net Name=NetC5_2
Change Net Name : Old Net Name=NetC16_1 New Net Name=NetC6_1
Change Net Name : Old Net Name=NetD1_A New Net Name=NetD2_A
Change Net Name : Old Net Name=NetD2_A New Net Name=NetD3_A
Change Net Name : Old Net Name=NetR12_2 New Net Name=NetR16_2
Change Net Name : Old Net Name=NetR14_2 New Net Name=NetR18_2
Change Net Name : Old Net Name=VBUS1 New Net Name=VBUS
Added Pin To Net: NetName=EPS_3V3 Pin=C11-2
Added Pin To Net: NetName=EPS_3V3 Pin=C12-2
Added Pin To Net: NetName=EPS_3V3 Pin=J2-B11
Added Pin To Net: NetName=EPS_3V3 Pin=J2-B12
Added Pin To Net: NetName=EPS_3V3 Pin=R19-2
Added Pin To Net: NetName=EPS_3V3 Pin=U6-5
Added Net: Name=EPS_3V3
Added Pin To Net: NetName=nBOOT Pin=C10-2
Added Pin To Net: NetName=nBOOT Pin=R11-1
Added Pin To Net: NetName=nBOOT Pin=S2-1
Added Pin To Net: NetName=nBOOT Pin=U1-11
Added Net: Name=nBOOT
Added Pin To Net: NetName=NetC22_2 Pin=C22-2
Added Pin To Net: NetName=NetC22_2 Pin=U6-7
Added Net: Name=NetC22_2
Added Pin To Net: NetName=NetC23_2 Pin=C23-2
Added Pin To Net: NetName=NetC23_2 Pin=U6-10
Added Net: Name=NetC23_2
Added Pin To Net: NetName=NetR19_1 Pin=R19-1
Added Pin To Net: NetName=NetR19_1 Pin=R22-2
Added Pin To Net: NetName=NetR19_1 Pin=U6-1
Added Net: Name=NetR19_1
Added Pin To Net: NetName=NetR21_1 Pin=R21-1
Added Pin To Net: NetName=NetR21_1 Pin=R23-2
Added Pin To Net: NetName=NetR21_1 Pin=U6-4
Added Net: Name=NetR21_1
Added Pin To Net: NetName=NetR22_1 Pin=R22-1
Added Pin To Net: NetName=NetR22_1 Pin=R24-2
Added Pin To Net: NetName=NetR22_1 Pin=U6-2
Added Net: Name=NetR22_1
Added Pin To Net: NetName=NetR25_2 Pin=R25-2
Added Pin To Net: NetName=NetR25_2 Pin=U6-9
Added Net: Name=NetR25_2
Added Pin To Net: NetName=NetR26_1 Pin=R26-1
Added Pin To Net: NetName=NetR26_1 Pin=U6-3
Added Net: Name=NetR26_1
Added Pin To Net: NetName=SPARE_RX Pin=J2-A48
Added Pin To Net: NetName=SPARE_RX Pin=SB4-1
Added Net: Name=SPARE_RX
Added Pin To Net: NetName=SPARE_TX Pin=J2-A50
Added Pin To Net: NetName=SPARE_TX Pin=SB3-1
Added Net: Name=SPARE_TX
Added Pin To Net: NetName=VBUS1 Pin=J1-A4_B9
Added Pin To Net: NetName=VBUS1 Pin=J1-B4_A9
Added Pin To Net: NetName=VBUS1 Pin=U1-9
Added Pin To Net: NetName=VBUS1 Pin=U1-49
Added Net: Name=VBUS1
Added Member To Class: ClassName=Controller Member=Component C7 C0603C104K5RACTU
Added Member To Class: ClassName=Controller Member=Component C8 C0603C104K5RACTU
Added Member To Class: ClassName=Controller Member=Component C9 CC0603KRX7R9BB104
Added Member To Class: ClassName=Controller Member=Component C10 CC0603KRX7R9BB104
Added Member To Class: ClassName=Power_Path Member=Component C19 CL05B104KB5NNNC
Added Member To Class: ClassName=Power_Path Member=Component C20 CL21B105KBFNNNE_1
Added Member To Class: ClassName=Power_Path Member=Component C21 CL21B105KBFNNNE_1
Added Member To Class: ClassName=Power_Path Member=Component C22 C0603C153F3GACTU
Added Member To Class: ClassName=Power_Path Member=Component C23 CL21B105KAFNNNE
Added Member To Class: ClassName=Top_Level Member=Component MECH4 M3 Mounting Hole
Added Member To Class: ClassName=Controller Member=Component R12 0603WAF5101T5E
Added Member To Class: ClassName=Controller Member=Component R13 0603WAF5101T5E
Added Member To Class: ClassName=Power_Path Member=Component R18 RMCF0603FT5K10
Added Member To Class: ClassName=Power_Path Member=Component R19 RMCF0603FT470K
Added Member To Class: ClassName=Controller Member=Component R20 0603WAF1002T5E
Added Member To Class: ClassName=Power_Path Member=Component R21 RMCF0603FT47K0
Added Member To Class: ClassName=Power_Path Member=Component R22 RMCF0603FT121K
Added Member To Class: ClassName=Power_Path Member=Component R23 RMCF0603FT31K6
Added Member To Class: ClassName=Power_Path Member=Component R24 RMCF0603FT287K
Added Member To Class: ClassName=Power_Path Member=Component R25 RMCF0603FT6K81
Added Member To Class: ClassName=Power_Path Member=Component R26 RMCF0805FG100K
Added Member To Class: ClassName=Power_Path Member=Component SB5 Solder Bridge Jumper
Added Member To Class: ClassName=Power_Path Member=Component U6 TPS259474LRPWR
Added Rule: Name=Schematic Supply Nets_6
